This is pdfTeX, Version 3.141592653-2.6-1.40.25 (TeX Live 2023/Debian) (preloaded format=pdflatex 2025.5.26)  26 MAY 2025 23:08
entering extended mode
 restricted \write18 enabled.
 file:line:error style messages enabled.
 %&-line parsing enabled.
**/home/franz/Documents/computervision/requirements
(/home/franz/Documents/computervision/requirements.tex
LaTeX2e <2023-11-01> patch level 1
L3 programming layer <2024-01-22>
(/usr/share/texlive/texmf-dist/tex/latex/base/article.cls
Document Class: article 2023/05/17 v1.4n Standard LaTeX document class
(/usr/share/texlive/texmf-dist/tex/latex/base/size10.clo
File: size10.clo 2023/05/17 v1.4n Standard LaTeX file (size option)
)
\c@part=\count187
\c@section=\count188
\c@subsection=\count189
\c@subsubsection=\count190
\c@paragraph=\count191
\c@subparagraph=\count192
\c@figure=\count193
\c@table=\count194
\abovecaptionskip=\skip48
\belowcaptionskip=\skip49
\bibindent=\dimen140
) (/usr/share/texlive/texmf-dist/tex/latex/xcolor/xcolor.sty
Package: xcolor 2023/11/15 v3.01 LaTeX color extensions (UK)
 (/usr/share/texlive/texmf-dist/tex/latex/graphics-cfg/color.cfg
File: color.cfg 2016/01/02 v1.6 sample color configuration
)
Package xcolor Info: Driver file: pdftex.def on input line 274.
 (/usr/share/texlive/texmf-dist/tex/latex/graphics-def/pdftex.def
File: pdftex.def 2022/09/22 v1.2b Graphics/color driver for pdftex
) (/usr/share/texlive/texmf-dist/tex/latex/graphics/mathcolor.ltx)
Package xcolor Info: Model `cmy' substituted by `cmy0' on input line 1350.
Package xcolor Info: Model `hsb' substituted by `rgb' on input line 1354.
Package xcolor Info: Model `RGB' extended on input line 1366.
Package xcolor Info: Model `HTML' substituted by `rgb' on input line 1368.
Package xcolor Info: Model `Hsb' substituted by `hsb' on input line 1369.
Package xcolor Info: Model `tHsb' substituted by `hsb' on input line 1370.
Package xcolor Info: Model `HSB' substituted by `hsb' on input line 1371.
Package xcolor Info: Model `Gray' substituted by `gray' on input line 1372.
Package xcolor Info: Model `wave' substituted by `hsb' on input line 1373.
) (/usr/share/texlive/texmf-dist/tex/latex/hyperref/hyperref.sty
Package: hyperref 2024-01-20 v7.01h Hypertext links for LaTeX
 (/usr/share/texlive/texmf-dist/tex/generic/iftex/iftex.sty
Package: iftex 2022/02/03 v1.0f TeX engine tests
) (/usr/share/texlive/texmf-dist/tex/latex/graphics/keyval.sty
Package: keyval 2022/05/29 v1.15 key=value parser (DPC)
\KV@toks@=\toks17
) (/usr/share/texlive/texmf-dist/tex/latex/kvsetkeys/kvsetkeys.sty
Package: kvsetkeys 2022-10-05 v1.19 Key value parser (HO)
) (/usr/share/texlive/texmf-dist/tex/generic/kvdefinekeys/kvdefinekeys.sty
Package: kvdefinekeys 2019-12-19 v1.6 Define keys (HO)
) (/usr/share/texlive/texmf-dist/tex/generic/pdfescape/pdfescape.sty
Package: pdfescape 2019/12/09 v1.15 Implements pdfTeX's escape features (HO)
 (/usr/share/texlive/texmf-dist/tex/generic/ltxcmds/ltxcmds.sty
Package: ltxcmds 2023-12-04 v1.26 LaTeX kernel commands for general use (HO)
) (/usr/share/texlive/texmf-dist/tex/generic/pdftexcmds/pdftexcmds.sty
Package: pdftexcmds 2020-06-27 v0.33 Utility functions of pdfTeX for LuaTeX (HO)
 (/usr/share/texlive/texmf-dist/tex/generic/infwarerr/infwarerr.sty
Package: infwarerr 2019/12/03 v1.5 Providing info/warning/error messages (HO)
)
Package pdftexcmds Info: \pdf@primitive is available.
Package pdftexcmds Info: \pdf@ifprimitive is available.
Package pdftexcmds Info: \pdfdraftmode found.
)) (/usr/share/texlive/texmf-dist/tex/latex/hycolor/hycolor.sty
Package: hycolor 2020-01-27 v1.10 Color options for hyperref/bookmark (HO)
) (/usr/share/texlive/texmf-dist/tex/latex/auxhook/auxhook.sty
Package: auxhook 2019-12-17 v1.6 Hooks for auxiliary files (HO)
) (/usr/share/texlive/texmf-dist/tex/latex/hyperref/nameref.sty
Package: nameref 2023-11-26 v2.56 Cross-referencing by name of section
 (/usr/share/texlive/texmf-dist/tex/latex/refcount/refcount.sty
Package: refcount 2019/12/15 v3.6 Data extraction from label references (HO)
) (/usr/share/texlive/texmf-dist/tex/generic/gettitlestring/gettitlestring.sty
Package: gettitlestring 2019/12/15 v1.6 Cleanup title references (HO)
 (/usr/share/texlive/texmf-dist/tex/latex/kvoptions/kvoptions.sty
Package: kvoptions 2022-06-15 v3.15 Key value format for package options (HO)
))
\c@section@level=\count195
) (/usr/share/texlive/texmf-dist/tex/latex/etoolbox/etoolbox.sty
Package: etoolbox 2020/10/05 v2.5k e-TeX tools for LaTeX (JAW)
\etb@tempcnta=\count196
)
\@linkdim=\dimen141
\Hy@linkcounter=\count197
\Hy@pagecounter=\count198
 (/usr/share/texlive/texmf-dist/tex/latex/hyperref/pd1enc.def
File: pd1enc.def 2024-01-20 v7.01h Hyperref: PDFDocEncoding definition (HO)
Now handling font encoding PD1 ...
... no UTF-8 mapping file for font encoding PD1
) (/usr/share/texlive/texmf-dist/tex/generic/intcalc/intcalc.sty
Package: intcalc 2019/12/15 v1.3 Expandable calculations with integers (HO)
)
\Hy@SavedSpaceFactor=\count199
 (/usr/share/texlive/texmf-dist/tex/latex/hyperref/puenc.def
File: puenc.def 2024-01-20 v7.01h Hyperref: PDF Unicode definition (HO)
Now handling font encoding PU ...
... no UTF-8 mapping file for font encoding PU
)
Package hyperref Info: Hyper figures OFF on input line 4179.
Package hyperref Info: Link nesting OFF on input line 4184.
Package hyperref Info: Hyper index ON on input line 4187.
Package hyperref Info: Plain pages OFF on input line 4194.
Package hyperref Info: Backreferencing OFF on input line 4199.
Package hyperref Info: Implicit mode ON; LaTeX internals redefined.
Package hyperref Info: Bookmarks ON on input line 4446.
\c@Hy@tempcnt=\count266
 (/usr/share/texlive/texmf-dist/tex/latex/url/url.sty
\Urlmuskip=\muskip16
Package: url 2013/09/16  ver 3.4  Verb mode for urls, etc.
)
LaTeX Info: Redefining \url on input line 4784.
\XeTeXLinkMargin=\dimen142
 (/usr/share/texlive/texmf-dist/tex/generic/bitset/bitset.sty
Package: bitset 2019/12/09 v1.3 Handle bit-vector datatype (HO)
 (/usr/share/texlive/texmf-dist/tex/generic/bigintcalc/bigintcalc.sty
Package: bigintcalc 2019/12/15 v1.5 Expandable calculations on big integers (HO)
))
\Fld@menulength=\count267
\Field@Width=\dimen143
\Fld@charsize=\dimen144
Package hyperref Info: Hyper figures OFF on input line 6063.
Package hyperref Info: Link nesting OFF on input line 6068.
Package hyperref Info: Hyper index ON on input line 6071.
Package hyperref Info: backreferencing OFF on input line 6078.
Package hyperref Info: Link coloring OFF on input line 6083.
Package hyperref Info: Link coloring with OCG OFF on input line 6088.
Package hyperref Info: PDF/A mode OFF on input line 6093.
 (/usr/share/texlive/texmf-dist/tex/latex/base/atbegshi-ltx.sty
Package: atbegshi-ltx 2021/01/10 v1.0c Emulation of the original atbegshi
package with kernel methods
)
\Hy@abspage=\count268
\c@Item=\count269
\c@Hfootnote=\count270
)
Package hyperref Info: Driver (autodetected): hpdftex.
 (/usr/share/texlive/texmf-dist/tex/latex/hyperref/hpdftex.def
File: hpdftex.def 2024-01-20 v7.01h Hyperref driver for pdfTeX
 (/usr/share/texlive/texmf-dist/tex/latex/base/atveryend-ltx.sty
Package: atveryend-ltx 2020/08/19 v1.0a Emulation of the original atveryend package
with kernel methods
)
\Fld@listcount=\count271
\c@bookmark@seq@number=\count272
 (/usr/share/texlive/texmf-dist/tex/latex/rerunfilecheck/rerunfilecheck.sty
Package: rerunfilecheck 2022-07-10 v1.10 Rerun checks for auxiliary files (HO)
 (/usr/share/texlive/texmf-dist/tex/generic/uniquecounter/uniquecounter.sty
Package: uniquecounter 2019/12/15 v1.4 Provide unlimited unique counter (HO)
)
Package uniquecounter Info: New unique counter `rerunfilecheck' on input line 285.
)
\Hy@SectionHShift=\skip50
) (/usr/share/texlive/texmf-dist/tex/latex/titlesec/titletoc.sty
Package: titletoc 2023/10/27 v2.16 TOC entries
\ttl@leftsep=\dimen145
) (/usr/share/texlive/texmf-dist/tex/latex/float/float.sty
Package: float 2001/11/08 v1.3d Float enhancements (AL)
\c@float@type=\count273
\float@exts=\toks18
\float@box=\box51
\@float@everytoks=\toks19
\@floatcapt=\box52
) (/usr/share/texlive/texmf-dist/tex/latex/caption/caption.sty
Package: caption 2023/08/05 v3.6o Customizing captions (AR)
 (/usr/share/texlive/texmf-dist/tex/latex/caption/caption3.sty
Package: caption3 2023/07/31 v2.4d caption3 kernel (AR)
\caption@tempdima=\dimen146
\captionmargin=\dimen147
\caption@leftmargin=\dimen148
\caption@rightmargin=\dimen149
\caption@width=\dimen150
\caption@indent=\dimen151
\caption@parindent=\dimen152
\caption@hangindent=\dimen153
Package caption Info: Standard document class detected.
)
\c@caption@flags=\count274
\c@continuedfloat=\count275
Package caption Info: float package is loaded.
Package caption Info: hyperref package is loaded.
) (/usr/share/texlive/texmf-dist/tex/latex/caption/subcaption.sty
Package: subcaption 2023/07/28 v1.6b Sub-captions (AR)
Package caption Info: New subtype `subfigure' on input line 238.
\c@subfigure=\count276
Package caption Info: New subtype `subtable' on input line 238.
\c@subtable=\count277
) (/usr/share/texlive/texmf-dist/tex/latex/tools/array.sty
Package: array 2023/10/16 v2.5g Tabular extension package (FMi)
\col@sep=\dimen154
\ar@mcellbox=\box53
\extrarowheight=\dimen155
\NC@list=\toks20
\extratabsurround=\skip51
\backup@length=\skip52
\ar@cellbox=\box54
) (/usr/share/texlive/texmf-dist/tex/latex/booktabs/booktabs.sty
Package: booktabs 2020/01/12 v1.61803398 Publication quality tables
\heavyrulewidth=\dimen156
\lightrulewidth=\dimen157
\cmidrulewidth=\dimen158
\belowrulesep=\dimen159
\belowbottomsep=\dimen160
\aboverulesep=\dimen161
\abovetopsep=\dimen162
\cmidrulesep=\dimen163
\cmidrulekern=\dimen164
\defaultaddspace=\dimen165
\@cmidla=\count278
\@cmidlb=\count279
\@aboverulesep=\dimen166
\@belowrulesep=\dimen167
\@thisruleclass=\count280
\@lastruleclass=\count281
\@thisrulewidth=\dimen168
) (/usr/share/texlive/texmf-dist/tex/latex/graphics/graphicx.sty
Package: graphicx 2021/09/16 v1.2d Enhanced LaTeX Graphics (DPC,SPQR)
 (/usr/share/texlive/texmf-dist/tex/latex/graphics/graphics.sty
Package: graphics 2022/03/10 v1.4e Standard LaTeX Graphics (DPC,SPQR)
 (/usr/share/texlive/texmf-dist/tex/latex/graphics/trig.sty
Package: trig 2021/08/11 v1.11 sin cos tan (DPC)
) (/usr/share/texlive/texmf-dist/tex/latex/graphics-cfg/graphics.cfg
File: graphics.cfg 2016/06/04 v1.11 sample graphics configuration
)
Package graphics Info: Driver file: pdftex.def on input line 107.
)
\Gin@req@height=\dimen169
\Gin@req@width=\dimen170
) (/usr/share/texlive/texmf-dist/tex/latex/geometry/geometry.sty
Package: geometry 2020/01/02 v5.9 Page Geometry
 (/usr/share/texlive/texmf-dist/tex/generic/iftex/ifvtex.sty
Package: ifvtex 2019/10/25 v1.7 ifvtex legacy package. Use iftex instead.
)
\Gm@cnth=\count282
\Gm@cntv=\count283
\c@Gm@tempcnt=\count284
\Gm@bindingoffset=\dimen171
\Gm@wd@mp=\dimen172
\Gm@odd@mp=\dimen173
\Gm@even@mp=\dimen174
\Gm@layoutwidth=\dimen175
\Gm@layoutheight=\dimen176
\Gm@layouthoffset=\dimen177
\Gm@layoutvoffset=\dimen178
\Gm@dimlist=\toks21
) (/usr/share/texlive/texmf-dist/tex/latex/l3backend/l3backend-pdftex.def
File: l3backend-pdftex.def 2024-01-04 L3 backend support: PDF output (pdfTeX)
\l__color_backend_stack_int=\count285
\l__pdf_internal_box=\box55
) (./requirements.aux)
\openout1 = `requirements.aux'.

LaTeX Font Info:    Checking defaults for OML/cmm/m/it on input line 13.
LaTeX Font Info:    ... okay on input line 13.
LaTeX Font Info:    Checking defaults for OMS/cmsy/m/n on input line 13.
LaTeX Font Info:    ... okay on input line 13.
LaTeX Font Info:    Checking defaults for OT1/cmr/m/n on input line 13.
LaTeX Font Info:    ... okay on input line 13.
LaTeX Font Info:    Checking defaults for T1/cmr/m/n on input line 13.
LaTeX Font Info:    ... okay on input line 13.
LaTeX Font Info:    Checking defaults for TS1/cmr/m/n on input line 13.
LaTeX Font Info:    ... okay on input line 13.
LaTeX Font Info:    Checking defaults for OMX/cmex/m/n on input line 13.
LaTeX Font Info:    ... okay on input line 13.
LaTeX Font Info:    Checking defaults for U/cmr/m/n on input line 13.
LaTeX Font Info:    ... okay on input line 13.
LaTeX Font Info:    Checking defaults for PD1/pdf/m/n on input line 13.
LaTeX Font Info:    ... okay on input line 13.
LaTeX Font Info:    Checking defaults for PU/pdf/m/n on input line 13.
LaTeX Font Info:    ... okay on input line 13.
 (/usr/share/texlive/texmf-dist/tex/context/base/mkii/supp-pdf.mkii
[Loading MPS to PDF converter (version 2006.09.02).]
\scratchcounter=\count286
\scratchdimen=\dimen179
\scratchbox=\box56
\nofMPsegments=\count287
\nofMParguments=\count288
\everyMPshowfont=\toks22
\MPscratchCnt=\count289
\MPscratchDim=\dimen180
\MPnumerator=\count290
\makeMPintoPDFobject=\count291
\everyMPtoPDFconversion=\toks23
) (/usr/share/texlive/texmf-dist/tex/latex/epstopdf-pkg/epstopdf-base.sty
Package: epstopdf-base 2020-01-24 v2.11 Base part for package epstopdf
Package epstopdf-base Info: Redefining graphics rule for `.eps' on input line 485.
 (/usr/share/texlive/texmf-dist/tex/latex/latexconfig/epstopdf-sys.cfg
File: epstopdf-sys.cfg 2010/07/13 v1.3 Configuration of (r)epstopdf for TeX Live
))
Package hyperref Info: Link coloring OFF on input line 13.
 (./requirements.out) (./requirements.out)
\@outlinefile=\write3
\openout3 = `requirements.out'.

Package caption Info: Begin \AtBeginDocument code.
Package caption Info: End \AtBeginDocument code.

*geometry* driver: auto-detecting
*geometry* detected driver: pdftex
*geometry* verbose mode - [ preamble ] result:
* driver: pdftex
* paper: <default>
* layout: <same size as paper>
* layoutoffset:(h,v)=(0.0pt,0.0pt)
* modes: 
* h-part:(L,W,R)=(72.26999pt, 469.75502pt, 72.26999pt)
* v-part:(T,H,B)=(72.26999pt, 650.43001pt, 72.26999pt)
* \paperwidth=614.295pt
* \paperheight=794.96999pt
* \textwidth=469.75502pt
* \textheight=650.43001pt
* \oddsidemargin=0.0pt
* \evensidemargin=0.0pt
* \topmargin=-37.0pt
* \headheight=12.0pt
* \headsep=25.0pt
* \topskip=10.0pt
* \footskip=30.0pt
* \marginparwidth=65.0pt
* \marginparsep=11.0pt
* \columnsep=10.0pt
* \skip\footins=9.0pt plus 4.0pt minus 2.0pt
* \hoffset=0.0pt
* \voffset=0.0pt
* \mag=1000
* \@twocolumnfalse
* \@twosidefalse
* \@mparswitchfalse
* \@reversemarginfalse
* (1in=72.27pt=25.4mm, 1cm=28.453pt)

LaTeX Font Info:    External font `cmex10' loaded for size
(Font)              <7> on input line 36.
LaTeX Font Info:    External font `cmex10' loaded for size
(Font)              <5> on input line 36.
[1

{/var/lib/texmf/fonts/map/pdftex/updmap/pdftex.map}] (./requirements.toc
pdfTeX warning (ext4): destination with the same identifier (name{page.1}) has been already used, duplicate ignored
<to be read again> 
                   \relax 
l.31 ...Edges completly offscreen}{33}{section.31}
                                                  % [1])
\tf@toc=\write4
\openout4 = `requirements.toc'.

 [2]
<testcases/vertex_too_small/133525-210774_input_image_after_preprocessing.png, id=247, 2890.8pt x 1536.74126pt>
File: testcases/vertex_too_small/133525-210774_input_image_after_preprocessing.png Graphic file (type png)
<use testcases/vertex_too_small/133525-210774_input_image_after_preprocessing.png>
Package pdftex.def Info: testcases/vertex_too_small/133525-210774_input_image_after_preprocessing.png  used on input line 60.
(pdftex.def)             Requested size: 422.77664pt x 224.73285pt.
<testcases/vertex_too_small/133600-817717_element_bbox_errors_labeled_colored.png, id=248, 1726.5303pt x 940.9554pt>
File: testcases/vertex_too_small/133600-817717_element_bbox_errors_labeled_colored.png Graphic file (type png)
<use testcases/vertex_too_small/133600-817717_element_bbox_errors_labeled_colored.png>
Package pdftex.def Info: testcases/vertex_too_small/133600-817717_element_bbox_errors_labeled_colored.png  used on input line 66.
(pdftex.def)             Requested size: 422.77664pt x 230.41405pt.
 [3 <./testcases/vertex_too_small/133525-210774_input_image_after_preprocessing.png (PNG copy)> <./testcases/vertex_too_small/133600-817717_element_bbox_errors_labeled_colored.png>]
<testcases/vertex_too_large/133708-898563_input_image.png, id=257, 2890.8pt x 1806.75pt>
File: testcases/vertex_too_large/133708-898563_input_image.png Graphic file (type png)
<use testcases/vertex_too_large/133708-898563_input_image.png>
Package pdftex.def Info: testcases/vertex_too_large/133708-898563_input_image.png  used on input line 79.
(pdftex.def)             Requested size: 422.77664pt x 264.21889pt.
<testcases/vertex_too_large/133744-868019_element_bbox_errors_labeled_colored.png, id=258, 1726.5303pt x 940.9554pt>
File: testcases/vertex_too_large/133744-868019_element_bbox_errors_labeled_colored.png Graphic file (type png)
<use testcases/vertex_too_large/133744-868019_element_bbox_errors_labeled_colored.png>
Package pdftex.def Info: testcases/vertex_too_large/133744-868019_element_bbox_errors_labeled_colored.png  used on input line 85.
(pdftex.def)             Requested size: 422.77664pt x 230.41405pt.
 [4 <./testcases/vertex_too_large/133708-898563_input_image.png (PNG copy)> <./testcases/vertex_too_large/133744-868019_element_bbox_errors_labeled_colored.png>]
<testcases/vertex_wrong_color/134341-480129_input_image_after_preprocessing.png, id=265, 2890.8pt x 1482.53876pt>
File: testcases/vertex_wrong_color/134341-480129_input_image_after_preprocessing.png Graphic file (type png)
<use testcases/vertex_wrong_color/134341-480129_input_image_after_preprocessing.png>
Package pdftex.def Info: testcases/vertex_wrong_color/134341-480129_input_image_after_preprocessing.png  used on input line 98.
(pdftex.def)             Requested size: 422.77664pt x 216.80627pt.
<testcases/vertex_wrong_color/134401-825366_element_bbox_errors_labeled_colored.png, id=266, 1726.5303pt x 909.1566pt>
File: testcases/vertex_wrong_color/134401-825366_element_bbox_errors_labeled_colored.png Graphic file (type png)
<use testcases/vertex_wrong_color/134401-825366_element_bbox_errors_labeled_colored.png>
Package pdftex.def Info: testcases/vertex_wrong_color/134401-825366_element_bbox_errors_labeled_colored.png  used on input line 104.
(pdftex.def)             Requested size: 422.77664pt x 222.6274pt.
 [5 <./testcases/vertex_wrong_color/134341-480129_input_image_after_preprocessing.png (PNG copy)> <./testcases/vertex_wrong_color/134401-825366_element_bbox_errors_labeled_colored.png>]
<testcases/vertex_task_wrong_position/134530-573593_input_image.png, id=273, 2890.8pt x 1806.75pt>
File: testcases/vertex_task_wrong_position/134530-573593_input_image.png Graphic file (type png)
<use testcases/vertex_task_wrong_position/134530-573593_input_image.png>
Package pdftex.def Info: testcases/vertex_task_wrong_position/134530-573593_input_image.png  used on input line 117.
(pdftex.def)             Requested size: 422.77664pt x 264.21889pt.
<testcases/vertex_task_wrong_position/134550-162424_element_bbox_errors_labeled_colored.png, id=274, 1726.5303pt x 940.9554pt>
File: testcases/vertex_task_wrong_position/134550-162424_element_bbox_errors_labeled_colored.png Graphic file (type png)
<use testcases/vertex_task_wrong_position/134550-162424_element_bbox_errors_labeled_colored.png>
Package pdftex.def Info: testcases/vertex_task_wrong_position/134550-162424_element_bbox_errors_labeled_colored.png  used on input line 123.
(pdftex.def)             Requested size: 422.77664pt x 230.41405pt.
 [6 <./testcases/vertex_task_wrong_position/134530-573593_input_image.png (PNG copy)> <./testcases/vertex_task_wrong_position/134550-162424_element_bbox_errors_labeled_colored.png>]
<testcases/vertex_input_wrong_position/134736-128123_input_image.png, id=282, 2890.8pt x 1806.75pt>
File: testcases/vertex_input_wrong_position/134736-128123_input_image.png Graphic file (type png)
<use testcases/vertex_input_wrong_position/134736-128123_input_image.png>
Package pdftex.def Info: testcases/vertex_input_wrong_position/134736-128123_input_image.png  used on input line 136.
(pdftex.def)             Requested size: 422.77664pt x 264.21889pt.
<testcases/vertex_input_wrong_position/134756-619713_element_bbox_errors_labeled_colored.png, id=283, 1726.5303pt x 940.9554pt>
File: testcases/vertex_input_wrong_position/134756-619713_element_bbox_errors_labeled_colored.png Graphic file (type png)
<use testcases/vertex_input_wrong_position/134756-619713_element_bbox_errors_labeled_colored.png>
Package pdftex.def Info: testcases/vertex_input_wrong_position/134756-619713_element_bbox_errors_labeled_colored.png  used on input line 142.
(pdftex.def)             Requested size: 422.77664pt x 230.41405pt.
 [7 <./testcases/vertex_input_wrong_position/134736-128123_input_image.png (PNG copy)> <./testcases/vertex_input_wrong_position/134756-619713_element_bbox_errors_labeled_colored.png>]
File: testcases/vertex_task_wrong_position/134530-573593_input_image.png Graphic file (type png)
<use testcases/vertex_task_wrong_position/134530-573593_input_image.png>
Package pdftex.def Info: testcases/vertex_task_wrong_position/134530-573593_input_image.png  used on input line 155.
(pdftex.def)             Requested size: 422.77664pt x 264.21889pt.
File: testcases/vertex_task_wrong_position/134550-162424_element_bbox_errors_labeled_colored.png Graphic file (type png)
<use testcases/vertex_task_wrong_position/134550-162424_element_bbox_errors_labeled_colored.png>
Package pdftex.def Info: testcases/vertex_task_wrong_position/134550-162424_element_bbox_errors_labeled_colored.png  used on input line 161.
(pdftex.def)             Requested size: 422.77664pt x 230.41405pt.
 [8]
<testcases/vertices_too_close/140151-897377_input_image.png, id=295, 2890.8pt x 1806.75pt>
File: testcases/vertices_too_close/140151-897377_input_image.png Graphic file (type png)
<use testcases/vertices_too_close/140151-897377_input_image.png>
Package pdftex.def Info: testcases/vertices_too_close/140151-897377_input_image.png  used on input line 174.
(pdftex.def)             Requested size: 422.77664pt x 264.21889pt.
<testcases/vertices_too_close/140211-889490_element_bbox_errors_labeled_colored.png, id=296, 1726.5303pt x 940.9554pt>
File: testcases/vertices_too_close/140211-889490_element_bbox_errors_labeled_colored.png Graphic file (type png)
<use testcases/vertices_too_close/140211-889490_element_bbox_errors_labeled_colored.png>
Package pdftex.def Info: testcases/vertices_too_close/140211-889490_element_bbox_errors_labeled_colored.png  used on input line 180.
(pdftex.def)             Requested size: 422.77664pt x 230.41405pt.
 [9 <./testcases/vertices_too_close/140151-897377_input_image.png (PNG copy)> <./testcases/vertices_too_close/140211-889490_element_bbox_errors_labeled_colored.png>]
<testcases/vertices_overlapping/135655-256834_input_image.png, id=303, 2890.8pt x 1806.75pt>
File: testcases/vertices_overlapping/135655-256834_input_image.png Graphic file (type png)
<use testcases/vertices_overlapping/135655-256834_input_image.png>
Package pdftex.def Info: testcases/vertices_overlapping/135655-256834_input_image.png  used on input line 193.
(pdftex.def)             Requested size: 422.77664pt x 264.21889pt.
<testcases/vertices_overlapping/135714-844562_element_bbox_errors_labeled_colored.png, id=304, 1726.5303pt x 940.9554pt>
File: testcases/vertices_overlapping/135714-844562_element_bbox_errors_labeled_colored.png Graphic file (type png)
<use testcases/vertices_overlapping/135714-844562_element_bbox_errors_labeled_colored.png>
Package pdftex.def Info: testcases/vertices_overlapping/135714-844562_element_bbox_errors_labeled_colored.png  used on input line 199.
(pdftex.def)             Requested size: 422.77664pt x 230.41405pt.
 [10 <./testcases/vertices_overlapping/135655-256834_input_image.png (PNG copy)> <./testcases/vertices_overlapping/135714-844562_element_bbox_errors_labeled_colored.png>]
<testcases/vertex_offscreen_partly/140634-098602_input_image.png, id=311, 2890.8pt x 1806.75pt>
File: testcases/vertex_offscreen_partly/140634-098602_input_image.png Graphic file (type png)
<use testcases/vertex_offscreen_partly/140634-098602_input_image.png>
Package pdftex.def Info: testcases/vertex_offscreen_partly/140634-098602_input_image.png  used on input line 212.
(pdftex.def)             Requested size: 422.77664pt x 264.21889pt.
<testcases/vertex_offscreen_partly/140653-729498_element_bbox_errors_labeled_colored.png, id=312, 1726.5303pt x 940.9554pt>
File: testcases/vertex_offscreen_partly/140653-729498_element_bbox_errors_labeled_colored.png Graphic file (type png)
<use testcases/vertex_offscreen_partly/140653-729498_element_bbox_errors_labeled_colored.png>
Package pdftex.def Info: testcases/vertex_offscreen_partly/140653-729498_element_bbox_errors_labeled_colored.png  used on input line 218.
(pdftex.def)             Requested size: 422.77664pt x 230.41405pt.
 [11 <./testcases/vertex_offscreen_partly/140634-098602_input_image.png (PNG copy)> <./testcases/vertex_offscreen_partly/140653-729498_element_bbox_errors_labeled_colored.png>]
<testcases/vertices_offscreen_completely/140516-946679_input_image.png, id=319, 2890.8pt x 1806.75pt>
File: testcases/vertices_offscreen_completely/140516-946679_input_image.png Graphic file (type png)
<use testcases/vertices_offscreen_completely/140516-946679_input_image.png>
Package pdftex.def Info: testcases/vertices_offscreen_completely/140516-946679_input_image.png  used on input line 231.
(pdftex.def)             Requested size: 422.77664pt x 264.21889pt.
<testcases/vertices_offscreen_completely/140536-824919_element_bbox_errors_labeled_colored.png, id=320, 1726.5303pt x 940.9554pt>
File: testcases/vertices_offscreen_completely/140536-824919_element_bbox_errors_labeled_colored.png Graphic file (type png)
<use testcases/vertices_offscreen_completely/140536-824919_element_bbox_errors_labeled_colored.png>
Package pdftex.def Info: testcases/vertices_offscreen_completely/140536-824919_element_bbox_errors_labeled_colored.png  used on input line 237.
(pdftex.def)             Requested size: 422.77664pt x 230.41405pt.
 [12 <./testcases/vertices_offscreen_completely/140516-946679_input_image.png (PNG copy)> <./testcases/vertices_offscreen_completely/140536-824919_element_bbox_errors_labeled_colored.png>]
<testcases/vertex_without_parent/140908-928722_input_image.png, id=328, 2890.8pt x 1806.75pt>
File: testcases/vertex_without_parent/140908-928722_input_image.png Graphic file (type png)
<use testcases/vertex_without_parent/140908-928722_input_image.png>
Package pdftex.def Info: testcases/vertex_without_parent/140908-928722_input_image.png  used on input line 250.
(pdftex.def)             Requested size: 422.77664pt x 264.21889pt.
<testcases/vertex_without_parent/140928-590960_element_bbox_errors_labeled_colored.png, id=329, 1726.5303pt x 940.9554pt>
File: testcases/vertex_without_parent/140928-590960_element_bbox_errors_labeled_colored.png Graphic file (type png)
<use testcases/vertex_without_parent/140928-590960_element_bbox_errors_labeled_colored.png>
Package pdftex.def Info: testcases/vertex_without_parent/140928-590960_element_bbox_errors_labeled_colored.png  used on input line 256.
(pdftex.def)             Requested size: 422.77664pt x 230.41405pt.
 [13 <./testcases/vertex_without_parent/140908-928722_input_image.png (PNG copy)> <./testcases/vertex_without_parent/140928-590960_element_bbox_errors_labeled_colored.png>]
<testcases/vertex_displayed_incorrectly/141215-507428_input_image.png, id=337, 2890.8pt x 1806.75pt>
File: testcases/vertex_displayed_incorrectly/141215-507428_input_image.png Graphic file (type png)
<use testcases/vertex_displayed_incorrectly/141215-507428_input_image.png>
Package pdftex.def Info: testcases/vertex_displayed_incorrectly/141215-507428_input_image.png  used on input line 269.
(pdftex.def)             Requested size: 422.77664pt x 264.21889pt.
<testcases/vertex_displayed_incorrectly/141236-249257_element_bbox_errors_labeled_colored.png, id=338, 1726.5303pt x 940.9554pt>
File: testcases/vertex_displayed_incorrectly/141236-249257_element_bbox_errors_labeled_colored.png Graphic file (type png)
<use testcases/vertex_displayed_incorrectly/141236-249257_element_bbox_errors_labeled_colored.png>
Package pdftex.def Info: testcases/vertex_displayed_incorrectly/141236-249257_element_bbox_errors_labeled_colored.png  used on input line 275.
(pdftex.def)             Requested size: 422.77664pt x 230.41405pt.
 [14 <./testcases/vertex_displayed_incorrectly/141215-507428_input_image.png (PNG copy)> <./testcases/vertex_displayed_incorrectly/141236-249257_element_bbox_errors_labeled_colored.png>] [15]
<testcases/vertex_in_model_not_in_visualization/142027-594237_input_image.png, id=349, 2890.8pt x 1806.75pt>
File: testcases/vertex_in_model_not_in_visualization/142027-594237_input_image.png Graphic file (type png)
<use testcases/vertex_in_model_not_in_visualization/142027-594237_input_image.png>
Package pdftex.def Info: testcases/vertex_in_model_not_in_visualization/142027-594237_input_image.png  used on input line 292.
(pdftex.def)             Requested size: 422.77664pt x 264.21889pt.
<testcases/vertex_in_model_not_in_visualization/142047-652879_element_bbox_errors_labeled_colored.png, id=350, 1726.5303pt x 940.9554pt>
File: testcases/vertex_in_model_not_in_visualization/142047-652879_element_bbox_errors_labeled_colored.png Graphic file (type png)
<use testcases/vertex_in_model_not_in_visualization/142047-652879_element_bbox_errors_labeled_colored.png>
Package pdftex.def Info: testcases/vertex_in_model_not_in_visualization/142047-652879_element_bbox_errors_labeled_colored.png  used on input line 298.
(pdftex.def)             Requested size: 422.77664pt x 230.41405pt.
 [16 <./testcases/vertex_in_model_not_in_visualization/142027-594237_input_image.png (PNG copy)> <./testcases/vertex_in_model_not_in_visualization/142047-652879_element_bbox_errors_labeled_colored.png>]
<testcases/edge_1px_too_thin/142331-026220_input_image.png, id=357, 2890.8pt x 1806.75pt>
File: testcases/edge_1px_too_thin/142331-026220_input_image.png Graphic file (type png)
<use testcases/edge_1px_too_thin/142331-026220_input_image.png>
Package pdftex.def Info: testcases/edge_1px_too_thin/142331-026220_input_image.png  used on input line 315.
(pdftex.def)             Requested size: 422.77664pt x 264.21889pt.
<testcases/edge_1px_too_thin/142351-849844_element_bbox_errors_labeled_colored.png, id=358, 1726.5303pt x 940.9554pt>
File: testcases/edge_1px_too_thin/142351-849844_element_bbox_errors_labeled_colored.png Graphic file (type png)
<use testcases/edge_1px_too_thin/142351-849844_element_bbox_errors_labeled_colored.png>
Package pdftex.def Info: testcases/edge_1px_too_thin/142351-849844_element_bbox_errors_labeled_colored.png  used on input line 321.
(pdftex.def)             Requested size: 422.77664pt x 230.41405pt.
 [17 <./testcases/edge_1px_too_thin/142331-026220_input_image.png (PNG copy)> <./testcases/edge_1px_too_thin/142351-849844_element_bbox_errors_labeled_colored.png>]
<testcases/edge_1px_too_wide/143815-341162_input_image.png, id=365, 2890.8pt x 1806.75pt>
File: testcases/edge_1px_too_wide/143815-341162_input_image.png Graphic file (type png)
<use testcases/edge_1px_too_wide/143815-341162_input_image.png>
Package pdftex.def Info: testcases/edge_1px_too_wide/143815-341162_input_image.png  used on input line 334.
(pdftex.def)             Requested size: 422.77664pt x 264.21889pt.
<testcases/edge_1px_too_wide/143838-662391_element_bbox_errors_labeled_colored.png, id=366, 1726.5303pt x 940.9554pt>
File: testcases/edge_1px_too_wide/143838-662391_element_bbox_errors_labeled_colored.png Graphic file (type png)
<use testcases/edge_1px_too_wide/143838-662391_element_bbox_errors_labeled_colored.png>
Package pdftex.def Info: testcases/edge_1px_too_wide/143838-662391_element_bbox_errors_labeled_colored.png  used on input line 340.
(pdftex.def)             Requested size: 422.77664pt x 230.41405pt.
 [18 <./testcases/edge_1px_too_wide/143815-341162_input_image.png (PNG copy)> <./testcases/edge_1px_too_wide/143838-662391_element_bbox_errors_labeled_colored.png>]
<testcases/edge_2px_too_wide/144434-620311_input_image.png, id=374, 2890.8pt x 1806.75pt>
File: testcases/edge_2px_too_wide/144434-620311_input_image.png Graphic file (type png)
<use testcases/edge_2px_too_wide/144434-620311_input_image.png>
Package pdftex.def Info: testcases/edge_2px_too_wide/144434-620311_input_image.png  used on input line 353.
(pdftex.def)             Requested size: 422.77664pt x 264.21889pt.
<testcases/edge_2px_too_wide/144456-554148_element_bbox_errors_labeled_colored.png, id=375, 1726.5303pt x 940.9554pt>
File: testcases/edge_2px_too_wide/144456-554148_element_bbox_errors_labeled_colored.png Graphic file (type png)
<use testcases/edge_2px_too_wide/144456-554148_element_bbox_errors_labeled_colored.png>
Package pdftex.def Info: testcases/edge_2px_too_wide/144456-554148_element_bbox_errors_labeled_colored.png  used on input line 359.
(pdftex.def)             Requested size: 422.77664pt x 230.41405pt.
 [19 <./testcases/edge_2px_too_wide/144434-620311_input_image.png (PNG copy)> <./testcases/edge_2px_too_wide/144456-554148_element_bbox_errors_labeled_colored.png>]
<testcases/edge_3px_too_wide/144613-921105_input_image.png, id=382, 2890.8pt x 1806.75pt>
File: testcases/edge_3px_too_wide/144613-921105_input_image.png Graphic file (type png)
<use testcases/edge_3px_too_wide/144613-921105_input_image.png>
Package pdftex.def Info: testcases/edge_3px_too_wide/144613-921105_input_image.png  used on input line 372.
(pdftex.def)             Requested size: 422.77664pt x 264.21889pt.
<testcases/edge_3px_too_wide/144634-044834_element_bbox_errors_labeled_colored.png, id=383, 1726.5303pt x 940.9554pt>
File: testcases/edge_3px_too_wide/144634-044834_element_bbox_errors_labeled_colored.png Graphic file (type png)
<use testcases/edge_3px_too_wide/144634-044834_element_bbox_errors_labeled_colored.png>
Package pdftex.def Info: testcases/edge_3px_too_wide/144634-044834_element_bbox_errors_labeled_colored.png  used on input line 378.
(pdftex.def)             Requested size: 422.77664pt x 230.41405pt.
 [20 <./testcases/edge_3px_too_wide/144613-921105_input_image.png (PNG copy)> <./testcases/edge_3px_too_wide/144634-044834_element_bbox_errors_labeled_colored.png>]
<testcases/edge_wrong_color/145759-936864_input_image.png, id=390, 2890.8pt x 1806.75pt>
File: testcases/edge_wrong_color/145759-936864_input_image.png Graphic file (type png)
<use testcases/edge_wrong_color/145759-936864_input_image.png>
Package pdftex.def Info: testcases/edge_wrong_color/145759-936864_input_image.png  used on input line 391.
(pdftex.def)             Requested size: 422.77664pt x 264.21889pt.
<testcases/edge_wrong_color/145820-255866_element_bbox_errors_labeled_colored.png, id=391, 1726.5303pt x 940.9554pt>
File: testcases/edge_wrong_color/145820-255866_element_bbox_errors_labeled_colored.png Graphic file (type png)
<use testcases/edge_wrong_color/145820-255866_element_bbox_errors_labeled_colored.png>
Package pdftex.def Info: testcases/edge_wrong_color/145820-255866_element_bbox_errors_labeled_colored.png  used on input line 397.
(pdftex.def)             Requested size: 422.77664pt x 230.41405pt.
 [21 <./testcases/edge_wrong_color/145759-936864_input_image.png (PNG copy)> <./testcases/edge_wrong_color/145820-255866_element_bbox_errors_labeled_colored.png>]
<testcases/edge_10px_too_high/150452-500412_input_image.png, id=398, 2890.8pt x 1806.75pt>
File: testcases/edge_10px_too_high/150452-500412_input_image.png Graphic file (type png)
<use testcases/edge_10px_too_high/150452-500412_input_image.png>
Package pdftex.def Info: testcases/edge_10px_too_high/150452-500412_input_image.png  used on input line 410.
(pdftex.def)             Requested size: 422.77664pt x 264.21889pt.
<testcases/edge_10px_too_high/150513-636204_element_bbox_errors_labeled_colored.png, id=399, 1726.5303pt x 940.9554pt>
File: testcases/edge_10px_too_high/150513-636204_element_bbox_errors_labeled_colored.png Graphic file (type png)
<use testcases/edge_10px_too_high/150513-636204_element_bbox_errors_labeled_colored.png>
Package pdftex.def Info: testcases/edge_10px_too_high/150513-636204_element_bbox_errors_labeled_colored.png  used on input line 416.
(pdftex.def)             Requested size: 422.77664pt x 230.41405pt.
 [22 <./testcases/edge_10px_too_high/150452-500412_input_image.png (PNG copy)> <./testcases/edge_10px_too_high/150513-636204_element_bbox_errors_labeled_colored.png>]
<testcases/edge_20px_too_high/150645-838295_input_image.png, id=406, 2890.8pt x 1806.75pt>
File: testcases/edge_20px_too_high/150645-838295_input_image.png Graphic file (type png)
<use testcases/edge_20px_too_high/150645-838295_input_image.png>
Package pdftex.def Info: testcases/edge_20px_too_high/150645-838295_input_image.png  used on input line 429.
(pdftex.def)             Requested size: 422.77664pt x 264.21889pt.
<testcases/edge_20px_too_high/150658-463094_element_bbox_errors_labeled_colored.png, id=407, 1726.5303pt x 940.9554pt>
File: testcases/edge_20px_too_high/150658-463094_element_bbox_errors_labeled_colored.png Graphic file (type png)
<use testcases/edge_20px_too_high/150658-463094_element_bbox_errors_labeled_colored.png>
Package pdftex.def Info: testcases/edge_20px_too_high/150658-463094_element_bbox_errors_labeled_colored.png  used on input line 435.
(pdftex.def)             Requested size: 422.77664pt x 230.41405pt.
 [23 <./testcases/edge_20px_too_high/150645-838295_input_image.png (PNG copy)> <./testcases/edge_20px_too_high/150658-463094_element_bbox_errors_labeled_colored.png>]
<testcases/edge_30px_too_high/150756-999875_input_image.png, id=414, 2890.8pt x 1806.75pt>
File: testcases/edge_30px_too_high/150756-999875_input_image.png Graphic file (type png)
<use testcases/edge_30px_too_high/150756-999875_input_image.png>
Package pdftex.def Info: testcases/edge_30px_too_high/150756-999875_input_image.png  used on input line 448.
(pdftex.def)             Requested size: 422.77664pt x 264.21889pt.
<testcases/edge_30px_too_high/150809-647163_element_bbox_errors_labeled_colored.png, id=415, 1726.5303pt x 940.9554pt>
File: testcases/edge_30px_too_high/150809-647163_element_bbox_errors_labeled_colored.png Graphic file (type png)
<use testcases/edge_30px_too_high/150809-647163_element_bbox_errors_labeled_colored.png>
Package pdftex.def Info: testcases/edge_30px_too_high/150809-647163_element_bbox_errors_labeled_colored.png  used on input line 454.
(pdftex.def)             Requested size: 422.77664pt x 230.41405pt.
 [24 <./testcases/edge_30px_too_high/150756-999875_input_image.png (PNG copy)> <./testcases/edge_30px_too_high/150809-647163_element_bbox_errors_labeled_colored.png>]
<testcases/edge_10px_too_long/145613-303058_input_image.png, id=423, 2890.8pt x 1806.75pt>
File: testcases/edge_10px_too_long/145613-303058_input_image.png Graphic file (type png)
<use testcases/edge_10px_too_long/145613-303058_input_image.png>
Package pdftex.def Info: testcases/edge_10px_too_long/145613-303058_input_image.png  used on input line 467.
(pdftex.def)             Requested size: 422.77664pt x 264.21889pt.
<testcases/edge_10px_too_long/145632-779481_element_bbox_errors_labeled_colored.png, id=424, 1726.5303pt x 940.9554pt>
File: testcases/edge_10px_too_long/145632-779481_element_bbox_errors_labeled_colored.png Graphic file (type png)
<use testcases/edge_10px_too_long/145632-779481_element_bbox_errors_labeled_colored.png>
Package pdftex.def Info: testcases/edge_10px_too_long/145632-779481_element_bbox_errors_labeled_colored.png  used on input line 473.
(pdftex.def)             Requested size: 422.77664pt x 230.41405pt.
 [25 <./testcases/edge_10px_too_long/145613-303058_input_image.png (PNG copy)> <./testcases/edge_10px_too_long/145632-779481_element_bbox_errors_labeled_colored.png>]
<testcases/edge_10px_too_short/145039-079193_input_image.png, id=431, 2890.8pt x 1806.75pt>
File: testcases/edge_10px_too_short/145039-079193_input_image.png Graphic file (type png)
<use testcases/edge_10px_too_short/145039-079193_input_image.png>
Package pdftex.def Info: testcases/edge_10px_too_short/145039-079193_input_image.png  used on input line 486.
(pdftex.def)             Requested size: 422.77664pt x 264.21889pt.
<testcases/edge_10px_too_short/145058-578354_element_bbox_errors_labeled_colored.png, id=432, 1726.5303pt x 940.9554pt>
File: testcases/edge_10px_too_short/145058-578354_element_bbox_errors_labeled_colored.png Graphic file (type png)
<use testcases/edge_10px_too_short/145058-578354_element_bbox_errors_labeled_colored.png>
Package pdftex.def Info: testcases/edge_10px_too_short/145058-578354_element_bbox_errors_labeled_colored.png  used on input line 492.
(pdftex.def)             Requested size: 422.77664pt x 230.41405pt.
 [26 <./testcases/edge_10px_too_short/145039-079193_input_image.png (PNG copy)> <./testcases/edge_10px_too_short/145058-578354_element_bbox_errors_labeled_colored.png>]
<testcases/edge_20px_too_short/145244-393866_input_image.png, id=439, 2890.8pt x 1806.75pt>
File: testcases/edge_20px_too_short/145244-393866_input_image.png Graphic file (type png)
<use testcases/edge_20px_too_short/145244-393866_input_image.png>
Package pdftex.def Info: testcases/edge_20px_too_short/145244-393866_input_image.png  used on input line 505.
(pdftex.def)             Requested size: 422.77664pt x 264.21889pt.
<testcases/edge_20px_too_short/145304-754569_element_bbox_errors_labeled_colored.png, id=440, 1726.5303pt x 940.9554pt>
File: testcases/edge_20px_too_short/145304-754569_element_bbox_errors_labeled_colored.png Graphic file (type png)
<use testcases/edge_20px_too_short/145304-754569_element_bbox_errors_labeled_colored.png>
Package pdftex.def Info: testcases/edge_20px_too_short/145304-754569_element_bbox_errors_labeled_colored.png  used on input line 511.
(pdftex.def)             Requested size: 422.77664pt x 230.41405pt.
 [27 <./testcases/edge_20px_too_short/145244-393866_input_image.png (PNG copy)> <./testcases/edge_20px_too_short/145304-754569_element_bbox_errors_labeled_colored.png>]
<testcases/edge_connecting_wrong_elements/151304-831674_input_image.png, id=447, 2890.8pt x 1806.75pt>
File: testcases/edge_connecting_wrong_elements/151304-831674_input_image.png Graphic file (type png)
<use testcases/edge_connecting_wrong_elements/151304-831674_input_image.png>
Package pdftex.def Info: testcases/edge_connecting_wrong_elements/151304-831674_input_image.png  used on input line 524.
(pdftex.def)             Requested size: 422.77664pt x 264.21889pt.
<testcases/edge_connecting_wrong_elements/151317-638937_element_bbox_errors_labeled_colored.png, id=448, 1726.5303pt x 940.9554pt>
File: testcases/edge_connecting_wrong_elements/151317-638937_element_bbox_errors_labeled_colored.png Graphic file (type png)
<use testcases/edge_connecting_wrong_elements/151317-638937_element_bbox_errors_labeled_colored.png>
Package pdftex.def Info: testcases/edge_connecting_wrong_elements/151317-638937_element_bbox_errors_labeled_colored.png  used on input line 530.
(pdftex.def)             Requested size: 422.77664pt x 230.41405pt.
 [28 <./testcases/edge_connecting_wrong_elements/151304-831674_input_image.png (PNG copy)> <./testcases/edge_connecting_wrong_elements/151317-638937_element_bbox_errors_labeled_colored.png>]
<testcases/edge_too_close_10px_normal/151536-922393_input_image.png, id=455, 2890.8pt x 1806.75pt>
File: testcases/edge_too_close_10px_normal/151536-922393_input_image.png Graphic file (type png)
<use testcases/edge_too_close_10px_normal/151536-922393_input_image.png>
Package pdftex.def Info: testcases/edge_too_close_10px_normal/151536-922393_input_image.png  used on input line 543.
(pdftex.def)             Requested size: 422.77664pt x 264.21889pt.
<testcases/edge_too_close_10px_normal/151548-984416_element_bbox_errors_labeled_colored.png, id=456, 1726.5303pt x 940.9554pt>
File: testcases/edge_too_close_10px_normal/151548-984416_element_bbox_errors_labeled_colored.png Graphic file (type png)
<use testcases/edge_too_close_10px_normal/151548-984416_element_bbox_errors_labeled_colored.png>
Package pdftex.def Info: testcases/edge_too_close_10px_normal/151548-984416_element_bbox_errors_labeled_colored.png  used on input line 549.
(pdftex.def)             Requested size: 422.77664pt x 230.41405pt.
 [29 <./testcases/edge_too_close_10px_normal/151536-922393_input_image.png (PNG copy)> <./testcases/edge_too_close_10px_normal/151548-984416_element_bbox_errors_labeled_colored.png>]
<testcases/edge_too_close_5px_assisted/151733-188571_input_image.png, id=463, 2890.8pt x 1806.75pt>
File: testcases/edge_too_close_5px_assisted/151733-188571_input_image.png Graphic file (type png)
<use testcases/edge_too_close_5px_assisted/151733-188571_input_image.png>
Package pdftex.def Info: testcases/edge_too_close_5px_assisted/151733-188571_input_image.png  used on input line 562.
(pdftex.def)             Requested size: 422.77664pt x 264.21889pt.
<testcases/edge_too_close_5px_assisted/151745-239534_element_bbox_errors_labeled_colored.png, id=464, 1726.5303pt x 940.9554pt>
File: testcases/edge_too_close_5px_assisted/151745-239534_element_bbox_errors_labeled_colored.png Graphic file (type png)
<use testcases/edge_too_close_5px_assisted/151745-239534_element_bbox_errors_labeled_colored.png>
Package pdftex.def Info: testcases/edge_too_close_5px_assisted/151745-239534_element_bbox_errors_labeled_colored.png  used on input line 568.
(pdftex.def)             Requested size: 422.77664pt x 230.41405pt.
 [30 <./testcases/edge_too_close_5px_assisted/151733-188571_input_image.png (PNG copy)> <./testcases/edge_too_close_5px_assisted/151745-239534_element_bbox_errors_labeled_colored.png>]
<testcases/edges_forming_bad_intersection/151929-204247_input_image.png, id=472, 2890.8pt x 1806.75pt>
File: testcases/edges_forming_bad_intersection/151929-204247_input_image.png Graphic file (type png)
<use testcases/edges_forming_bad_intersection/151929-204247_input_image.png>
Package pdftex.def Info: testcases/edges_forming_bad_intersection/151929-204247_input_image.png  used on input line 581.
(pdftex.def)             Requested size: 422.77664pt x 264.21889pt.
<testcases/edges_forming_bad_intersection/151941-652255_element_bbox_errors_labeled_colored.png, id=473, 1726.5303pt x 940.9554pt>
File: testcases/edges_forming_bad_intersection/151941-652255_element_bbox_errors_labeled_colored.png Graphic file (type png)
<use testcases/edges_forming_bad_intersection/151941-652255_element_bbox_errors_labeled_colored.png>
Package pdftex.def Info: testcases/edges_forming_bad_intersection/151941-652255_element_bbox_errors_labeled_colored.png  used on input line 587.
(pdftex.def)             Requested size: 422.77664pt x 230.41405pt.
 [31 <./testcases/edges_forming_bad_intersection/151929-204247_input_image.png (PNG copy)> <./testcases/edges_forming_bad_intersection/151941-652255_element_bbox_errors_labeled_colored.png>]
<testcases/edge_offscreen_partly/152242-895612_input_image.png, id=480, 2890.8pt x 1806.75pt>
File: testcases/edge_offscreen_partly/152242-895612_input_image.png Graphic file (type png)
<use testcases/edge_offscreen_partly/152242-895612_input_image.png>
Package pdftex.def Info: testcases/edge_offscreen_partly/152242-895612_input_image.png  used on input line 600.
(pdftex.def)             Requested size: 422.77664pt x 264.21889pt.
<testcases/edge_offscreen_partly/152255-292353_element_bbox_errors_labeled_colored.png, id=481, 1726.5303pt x 940.9554pt>
File: testcases/edge_offscreen_partly/152255-292353_element_bbox_errors_labeled_colored.png Graphic file (type png)
<use testcases/edge_offscreen_partly/152255-292353_element_bbox_errors_labeled_colored.png>
Package pdftex.def Info: testcases/edge_offscreen_partly/152255-292353_element_bbox_errors_labeled_colored.png  used on input line 606.
(pdftex.def)             Requested size: 422.77664pt x 230.41405pt.
 [32 <./testcases/edge_offscreen_partly/152242-895612_input_image.png (PNG copy)> <./testcases/edge_offscreen_partly/152255-292353_element_bbox_errors_labeled_colored.png>]
<testcases/edge_offscreen_completely/152114-079741_input_image.png, id=488, 2890.8pt x 1806.75pt>
File: testcases/edge_offscreen_completely/152114-079741_input_image.png Graphic file (type png)
<use testcases/edge_offscreen_completely/152114-079741_input_image.png>
Package pdftex.def Info: testcases/edge_offscreen_completely/152114-079741_input_image.png  used on input line 619.
(pdftex.def)             Requested size: 422.77664pt x 264.21889pt.
<testcases/edge_offscreen_completely/152126-889602_element_bbox_errors_labeled_colored.png, id=489, 1726.5303pt x 940.9554pt>
File: testcases/edge_offscreen_completely/152126-889602_element_bbox_errors_labeled_colored.png Graphic file (type png)
<use testcases/edge_offscreen_completely/152126-889602_element_bbox_errors_labeled_colored.png>
Package pdftex.def Info: testcases/edge_offscreen_completely/152126-889602_element_bbox_errors_labeled_colored.png  used on input line 625.
(pdftex.def)             Requested size: 422.77664pt x 230.41405pt.
 [33 <./testcases/edge_offscreen_completely/152114-079741_input_image.png (PNG copy)> <./testcases/edge_offscreen_completely/152126-889602_element_bbox_errors_labeled_colored.png>] [34]
<testcases/edge_in_model_not_in_visualization/152413-910376_input_image.png, id=501, 2890.8pt x 1806.75pt>
File: testcases/edge_in_model_not_in_visualization/152413-910376_input_image.png Graphic file (type png)
<use testcases/edge_in_model_not_in_visualization/152413-910376_input_image.png>
Package pdftex.def Info: testcases/edge_in_model_not_in_visualization/152413-910376_input_image.png  used on input line 642.
(pdftex.def)             Requested size: 422.77664pt x 264.21889pt.
<testcases/edge_in_model_not_in_visualization/152427-029742_element_bbox_errors_labeled_colored.png, id=502, 1726.5303pt x 940.9554pt>
File: testcases/edge_in_model_not_in_visualization/152427-029742_element_bbox_errors_labeled_colored.png Graphic file (type png)
<use testcases/edge_in_model_not_in_visualization/152427-029742_element_bbox_errors_labeled_colored.png>
Package pdftex.def Info: testcases/edge_in_model_not_in_visualization/152427-029742_element_bbox_errors_labeled_colored.png  used on input line 648.
(pdftex.def)             Requested size: 422.77664pt x 230.41405pt.
 [35 <./testcases/edge_in_model_not_in_visualization/152413-910376_input_image.png (PNG copy)> <./testcases/edge_in_model_not_in_visualization/152427-029742_element_bbox_errors_labeled_colored.png>]
<testcases/text_5pt_too_small/154310-836128_input_image.png, id=509, 2890.8pt x 1806.75pt>
File: testcases/text_5pt_too_small/154310-836128_input_image.png Graphic file (type png)
<use testcases/text_5pt_too_small/154310-836128_input_image.png>
Package pdftex.def Info: testcases/text_5pt_too_small/154310-836128_input_image.png  used on input line 665.
(pdftex.def)             Requested size: 422.77664pt x 264.21889pt.
<testcases/text_5pt_too_small/154323-370828_element_bbox_errors_labeled_colored.png, id=510, 1726.5303pt x 940.9554pt>
File: testcases/text_5pt_too_small/154323-370828_element_bbox_errors_labeled_colored.png Graphic file (type png)
<use testcases/text_5pt_too_small/154323-370828_element_bbox_errors_labeled_colored.png>
Package pdftex.def Info: testcases/text_5pt_too_small/154323-370828_element_bbox_errors_labeled_colored.png  used on input line 671.
(pdftex.def)             Requested size: 422.77664pt x 230.41405pt.
 [36 <./testcases/text_5pt_too_small/154310-836128_input_image.png (PNG copy)> <./testcases/text_5pt_too_small/154323-370828_element_bbox_errors_labeled_colored.png>]
<testcases/text_10pt_too_small/154344-435789_input_image.png, id=518, 2890.8pt x 1806.75pt>
File: testcases/text_10pt_too_small/154344-435789_input_image.png Graphic file (type png)
<use testcases/text_10pt_too_small/154344-435789_input_image.png>
Package pdftex.def Info: testcases/text_10pt_too_small/154344-435789_input_image.png  used on input line 684.
(pdftex.def)             Requested size: 422.77664pt x 264.21889pt.
<testcases/text_10pt_too_small/154357-030783_element_bbox_errors_labeled_colored.png, id=519, 1726.5303pt x 940.9554pt>
File: testcases/text_10pt_too_small/154357-030783_element_bbox_errors_labeled_colored.png Graphic file (type png)
<use testcases/text_10pt_too_small/154357-030783_element_bbox_errors_labeled_colored.png>
Package pdftex.def Info: testcases/text_10pt_too_small/154357-030783_element_bbox_errors_labeled_colored.png  used on input line 690.
(pdftex.def)             Requested size: 422.77664pt x 230.41405pt.
 [37 <./testcases/text_10pt_too_small/154344-435789_input_image.png (PNG copy)> <./testcases/text_10pt_too_small/154357-030783_element_bbox_errors_labeled_colored.png>]
<testcases/text_5pt_too_large/154503-258136_input_image.png, id=526, 2890.8pt x 1806.75pt>
File: testcases/text_5pt_too_large/154503-258136_input_image.png Graphic file (type png)
<use testcases/text_5pt_too_large/154503-258136_input_image.png>
Package pdftex.def Info: testcases/text_5pt_too_large/154503-258136_input_image.png  used on input line 703.
(pdftex.def)             Requested size: 422.77664pt x 264.21889pt.
<testcases/text_5pt_too_large/154516-359589_element_bbox_errors_labeled_colored.png, id=527, 1726.5303pt x 940.9554pt>
File: testcases/text_5pt_too_large/154516-359589_element_bbox_errors_labeled_colored.png Graphic file (type png)
<use testcases/text_5pt_too_large/154516-359589_element_bbox_errors_labeled_colored.png>
Package pdftex.def Info: testcases/text_5pt_too_large/154516-359589_element_bbox_errors_labeled_colored.png  used on input line 709.
(pdftex.def)             Requested size: 422.77664pt x 230.41405pt.
 [38 <./testcases/text_5pt_too_large/154503-258136_input_image.png (PNG copy)> <./testcases/text_5pt_too_large/154516-359589_element_bbox_errors_labeled_colored.png>]
<testcases/text_10pt_too_large/154559-088336_input_image.png, id=534, 2890.8pt x 1806.75pt>
File: testcases/text_10pt_too_large/154559-088336_input_image.png Graphic file (type png)
<use testcases/text_10pt_too_large/154559-088336_input_image.png>
Package pdftex.def Info: testcases/text_10pt_too_large/154559-088336_input_image.png  used on input line 722.
(pdftex.def)             Requested size: 422.77664pt x 264.21889pt.
<testcases/text_10pt_too_large/154611-579883_element_bbox_errors_labeled_colored.png, id=535, 1726.5303pt x 940.9554pt>
File: testcases/text_10pt_too_large/154611-579883_element_bbox_errors_labeled_colored.png Graphic file (type png)
<use testcases/text_10pt_too_large/154611-579883_element_bbox_errors_labeled_colored.png>
Package pdftex.def Info: testcases/text_10pt_too_large/154611-579883_element_bbox_errors_labeled_colored.png  used on input line 728.
(pdftex.def)             Requested size: 422.77664pt x 230.41405pt.
 [39 <./testcases/text_10pt_too_large/154559-088336_input_image.png (PNG copy)> <./testcases/text_10pt_too_large/154611-579883_element_bbox_errors_labeled_colored.png>]
<testcases/text_wrong_in_visualization/160949-255974_input_image.png, id=542, 2890.8pt x 1806.75pt>
File: testcases/text_wrong_in_visualization/160949-255974_input_image.png Graphic file (type png)
<use testcases/text_wrong_in_visualization/160949-255974_input_image.png>
Package pdftex.def Info: testcases/text_wrong_in_visualization/160949-255974_input_image.png  used on input line 741.
(pdftex.def)             Requested size: 422.77664pt x 264.21889pt.
<testcases/text_wrong_in_visualization/161009-586327_element_bbox_errors_labeled_colored.png, id=543, 1726.5303pt x 940.9554pt>
File: testcases/text_wrong_in_visualization/161009-586327_element_bbox_errors_labeled_colored.png Graphic file (type png)
<use testcases/text_wrong_in_visualization/161009-586327_element_bbox_errors_labeled_colored.png>
Package pdftex.def Info: testcases/text_wrong_in_visualization/161009-586327_element_bbox_errors_labeled_colored.png  used on input line 747.
(pdftex.def)             Requested size: 422.77664pt x 230.41405pt.
 [40 <./testcases/text_wrong_in_visualization/160949-255974_input_image.png (PNG copy)> <./testcases/text_wrong_in_visualization/161009-586327_element_bbox_errors_labeled_colored.png>]
<testcases/text_wrong_color/155122-094397_input_image.png, id=550, 2890.8pt x 1806.75pt>
File: testcases/text_wrong_color/155122-094397_input_image.png Graphic file (type png)
<use testcases/text_wrong_color/155122-094397_input_image.png>
Package pdftex.def Info: testcases/text_wrong_color/155122-094397_input_image.png  used on input line 760.
(pdftex.def)             Requested size: 422.77664pt x 264.21889pt.
<testcases/text_wrong_color/155134-981060_element_bbox_errors_labeled_colored.png, id=551, 1726.5303pt x 940.9554pt>
File: testcases/text_wrong_color/155134-981060_element_bbox_errors_labeled_colored.png Graphic file (type png)
<use testcases/text_wrong_color/155134-981060_element_bbox_errors_labeled_colored.png>
Package pdftex.def Info: testcases/text_wrong_color/155134-981060_element_bbox_errors_labeled_colored.png  used on input line 766.
(pdftex.def)             Requested size: 422.77664pt x 230.41405pt.
 [41 <./testcases/text_wrong_color/155122-094397_input_image.png (PNG copy)> <./testcases/text_wrong_color/155134-981060_element_bbox_errors_labeled_colored.png>]
<testcases/text_10px_too_low/155426-766429_input_image.png, id=558, 2890.8pt x 1806.75pt>
File: testcases/text_10px_too_low/155426-766429_input_image.png Graphic file (type png)
<use testcases/text_10px_too_low/155426-766429_input_image.png>
Package pdftex.def Info: testcases/text_10px_too_low/155426-766429_input_image.png  used on input line 779.
(pdftex.def)             Requested size: 422.77664pt x 264.21889pt.
<testcases/text_10px_too_low/155439-414936_element_bbox_errors_labeled_colored.png, id=559, 1726.5303pt x 940.9554pt>
File: testcases/text_10px_too_low/155439-414936_element_bbox_errors_labeled_colored.png Graphic file (type png)
<use testcases/text_10px_too_low/155439-414936_element_bbox_errors_labeled_colored.png>
Package pdftex.def Info: testcases/text_10px_too_low/155439-414936_element_bbox_errors_labeled_colored.png  used on input line 785.
(pdftex.def)             Requested size: 422.77664pt x 230.41405pt.
 [42 <./testcases/text_10px_too_low/155426-766429_input_image.png (PNG copy)> <./testcases/text_10px_too_low/155439-414936_element_bbox_errors_labeled_colored.png>]
<testcases/text_10px_too_high/155614-795238_input_image.png, id=567, 2890.8pt x 1806.75pt>
File: testcases/text_10px_too_high/155614-795238_input_image.png Graphic file (type png)
<use testcases/text_10px_too_high/155614-795238_input_image.png>
Package pdftex.def Info: testcases/text_10px_too_high/155614-795238_input_image.png  used on input line 798.
(pdftex.def)             Requested size: 422.77664pt x 264.21889pt.
<testcases/text_10px_too_high/155634-666348_element_bbox_errors_labeled_colored.png, id=568, 1726.5303pt x 940.9554pt>
File: testcases/text_10px_too_high/155634-666348_element_bbox_errors_labeled_colored.png Graphic file (type png)
<use testcases/text_10px_too_high/155634-666348_element_bbox_errors_labeled_colored.png>
Package pdftex.def Info: testcases/text_10px_too_high/155634-666348_element_bbox_errors_labeled_colored.png  used on input line 804.
(pdftex.def)             Requested size: 422.77664pt x 230.41405pt.
 [43 <./testcases/text_10px_too_high/155614-795238_input_image.png (PNG copy)> <./testcases/text_10px_too_high/155634-666348_element_bbox_errors_labeled_colored.png>]
<testcases/text_overlapping_with_other_elements/160243-325511_input_image.png, id=575, 2890.8pt x 1806.75pt>
File: testcases/text_overlapping_with_other_elements/160243-325511_input_image.png Graphic file (type png)
<use testcases/text_overlapping_with_other_elements/160243-325511_input_image.png>
Package pdftex.def Info: testcases/text_overlapping_with_other_elements/160243-325511_input_image.png  used on input line 817.
(pdftex.def)             Requested size: 422.77664pt x 264.21889pt.
<testcases/text_overlapping_with_other_elements/160303-916118_element_bbox_errors_labeled_colored.png, id=576, 1726.5303pt x 940.9554pt>
File: testcases/text_overlapping_with_other_elements/160303-916118_element_bbox_errors_labeled_colored.png Graphic file (type png)
<use testcases/text_overlapping_with_other_elements/160303-916118_element_bbox_errors_labeled_colored.png>
Package pdftex.def Info: testcases/text_overlapping_with_other_elements/160303-916118_element_bbox_errors_labeled_colored.png  used on input line 823.
(pdftex.def)             Requested size: 422.77664pt x 230.41405pt.
 [44 <./testcases/text_overlapping_with_other_elements/160243-325511_input_image.png (PNG copy)> <./testcases/text_overlapping_with_other_elements/160303-916118_element_bbox_errors_labeled_colored.png>]
<testcases/text_offscreen/160531-259368_input_image.png, id=583, 2890.8pt x 1806.75pt>
File: testcases/text_offscreen/160531-259368_input_image.png Graphic file (type png)
<use testcases/text_offscreen/160531-259368_input_image.png>
Package pdftex.def Info: testcases/text_offscreen/160531-259368_input_image.png  used on input line 836.
(pdftex.def)             Requested size: 422.77664pt x 264.21889pt.
<testcases/text_offscreen/160551-417948_element_bbox_errors_labeled_colored.png, id=584, 1726.5303pt x 940.9554pt>
File: testcases/text_offscreen/160551-417948_element_bbox_errors_labeled_colored.png Graphic file (type png)
<use testcases/text_offscreen/160551-417948_element_bbox_errors_labeled_colored.png>
Package pdftex.def Info: testcases/text_offscreen/160551-417948_element_bbox_errors_labeled_colored.png  used on input line 842.
(pdftex.def)             Requested size: 422.77664pt x 230.41405pt.
 [45 <./testcases/text_offscreen/160531-259368_input_image.png (PNG copy)> <./testcases/text_offscreen/160551-417948_element_bbox_errors_labeled_colored.png>] [46]
<testcases/text_in_model_not_in_visualization/160709-183438_input_image.png, id=595, 2890.8pt x 1806.75pt>
File: testcases/text_in_model_not_in_visualization/160709-183438_input_image.png Graphic file (type png)
<use testcases/text_in_model_not_in_visualization/160709-183438_input_image.png>
Package pdftex.def Info: testcases/text_in_model_not_in_visualization/160709-183438_input_image.png  used on input line 859.
(pdftex.def)             Requested size: 422.77664pt x 264.21889pt.
<testcases/text_in_model_not_in_visualization/160729-501686_element_bbox_errors_labeled_colored.png, id=596, 1726.5303pt x 940.9554pt>
File: testcases/text_in_model_not_in_visualization/160729-501686_element_bbox_errors_labeled_colored.png Graphic file (type png)
<use testcases/text_in_model_not_in_visualization/160729-501686_element_bbox_errors_labeled_colored.png>
Package pdftex.def Info: testcases/text_in_model_not_in_visualization/160729-501686_element_bbox_errors_labeled_colored.png  used on input line 865.
(pdftex.def)             Requested size: 422.77664pt x 230.41405pt.
 [47 <./testcases/text_in_model_not_in_visualization/160709-183438_input_image.png (PNG copy)> <./testcases/text_in_model_not_in_visualization/160729-501686_element_bbox_errors_labeled_colored.png>] (./requirements.aux)
 ***********
LaTeX2e <2023-11-01> patch level 1
L3 programming layer <2024-01-22>
 ***********
Package rerunfilecheck Info: File `requirements.out' has not changed.
(rerunfilecheck)             Checksum: 195FE99E01F8D1EED77C7367C876EBC9;8010.
 ) 
Here is how much of TeX's memory you used:
 11822 strings out of 476106
 225633 string characters out of 5793933
 1932975 words of memory out of 5000000
 33593 multiletter control sequences out of 15000+600000
 560231 words of font info for 43 fonts, out of 8000000 for 9000
 59 hyphenation exceptions out of 8191
 75i,8n,79p,349b,565s stack positions out of 10000i,1000n,20000p,200000b,200000s
</usr/share/texlive/texmf-dist/fonts/type1/public/amsfonts/cm/cmbx10.pfb></usr/share/texlive/texmf-dist/fonts/type1/public/amsfonts/cm/cmbx12.pfb></usr/share/texlive/texmf-dist/fonts/type1/public/amsfonts/cm/cmr10.pfb></usr/share/texlive/texmf-dist/fonts/type1/public/amsfonts/cm/cmr12.pfb></usr/share/texlive/texmf-dist/fonts/type1/public/amsfonts/cm/cmti9.pfb>
Output written on requirements.pdf (48 pages, 15915591 bytes).
PDF statistics:
 659 PDF objects out of 1000 (max. 8388607)
 471 compressed objects within 5 object streams
 136 named destinations out of 1000 (max. 500000)
 771 words of extra memory for PDF output out of 10000 (max. 10000000)

